<?xml version="1.0" encoding="UTF-8"?>
<!-- Generated by org.testng.reporters.JUnitReportReporter -->
<testsuite hostname="LAPTOP-T0MGIVOH" failures="0" tests="1" name="TestNG_Basic_Classes.Test3" time="30.202" errors="0" timestamp="2022-12-29T12:14:42 EST" skipped="0">
  <testcase classname="TestNG_Basic_Classes.Test3" name="m5" time="30.202"/>
  <system-out/>
</testsuite> <!-- TestNG_Basic_Classes.Test3 -->
