<?xml version="1.0" encoding="UTF-8"?>
<!-- Generated by org.testng.reporters.JUnitReportReporter -->
<testsuite hostname="LAPTOP-T0MGIVOH" failures="0" tests="6" name="TestNG_Basic_Classes.Test1" time="265.421" errors="0" timestamp="2022-12-29T12:47:51 EST" skipped="0">
  <testcase classname="TestNG_Basic_Classes.Test1" name="m2" time="20.489"/>
  <system-out/>
  <testcase classname="TestNG_Basic_Classes.Test1" name="m1" time="56.592"/>
  <system-out/>
  <testcase classname="TestNG_Basic_Classes.Test1" name="m2" time="53.521"/>
  <system-out/>
  <testcase classname="TestNG_Basic_Classes.Test1" name="m1" time="47.169"/>
  <system-out/>
  <testcase classname="TestNG_Basic_Classes.Test1" name="m1" time="64.631"/>
  <system-out/>
  <testcase classname="TestNG_Basic_Classes.Test1" name="m2" time="23.019"/>
  <system-out/>
</testsuite> <!-- TestNG_Basic_Classes.Test1 -->
