<?xml version="1.0" encoding="UTF-8"?>
<!-- Generated by org.testng.reporters.JUnitReportReporter -->
<testsuite hostname="LAPTOP-T0MGIVOH" failures="0" tests="1" name="Amazon.basic" time="0.012" errors="0" timestamp="2022-12-30T20:09:38 EST" skipped="0">
  <testcase classname="Amazon.basic" name="f" time="0.012"/>
  <system-out/>
</testsuite> <!-- Amazon.basic -->
