<?xml version="1.0" encoding="UTF-8"?>
<!-- Generated by org.testng.reporters.JUnitReportReporter -->
<testsuite hostname="LAPTOP-T0MGIVOH" failures="0" tests="2" name="Task.Hyrtutorial_Task1_Sel_13" time="73.222" errors="0" timestamp="2023-01-01T07:33:48 EST" skipped="0">
  <testcase classname="Task.Hyrtutorial_Task1_Sel_13" name="secondtest" time="40.131"/>
  <system-out/>
  <testcase classname="Task.Hyrtutorial_Task1_Sel_13" name="firsttest" time="33.091"/>
  <system-out/>
</testsuite> <!-- Task.Hyrtutorial_Task1_Sel_13 -->
