<?xml version="1.0" encoding="UTF-8"?>
<!-- Generated by org.testng.reporters.JUnitReportReporter -->
<testsuite hostname="LAPTOP-T0MGIVOH" failures="0" tests="1" name="TestingEnv.Test4" time="0.010" errors="0" timestamp="2022-12-29T13:15:26 EST" skipped="0">
  <testcase classname="TestingEnv.Test4" name="testcase1" time="0.010"/>
  <system-out/>
</testsuite> <!-- TestingEnv.Test4 -->
