<?xml version="1.0" encoding="UTF-8"?>
<!-- Generated by org.testng.reporters.JUnitReportReporter -->
<testsuite hostname="LAPTOP-T0MGIVOH" failures="0" tests="1" name="Task.Hyrtutorial_Task2_Sel_13" time="35.218" errors="0" timestamp="2023-01-03T21:37:27 EST" skipped="0">
  <testcase classname="Task.Hyrtutorial_Task2_Sel_13" name="f" time="35.218"/>
  <system-out/>
</testsuite> <!-- Task.Hyrtutorial_Task2_Sel_13 -->
