<?xml version="1.0" encoding="UTF-8"?>
<!-- Generated by org.testng.reporters.JUnitReportReporter -->
<testsuite hostname="LAPTOP-T0MGIVOH" failures="0" tests="3" name="Task.Ebay_Task4_Sel_13" time="175.326" errors="0" timestamp="2023-01-05T15:56:25 EST" skipped="0">
  <testcase classname="Task.Ebay_Task4_Sel_13" name="secondtest" time="37.739"/>
  <system-out/>
  <testcase classname="Task.Ebay_Task4_Sel_13" name="thirdtest" time="61.577"/>
  <system-out/>
  <testcase classname="Task.Ebay_Task4_Sel_13" name="firsttest" time="76.010"/>
  <system-out/>
</testsuite> <!-- Task.Ebay_Task4_Sel_13 -->
