<?xml version="1.0" encoding="UTF-8"?>
<!-- Generated by org.testng.reporters.JUnitReportReporter -->
<testsuite hostname="LAPTOP-T0MGIVOH" failures="0" tests="4" name="FaceBookWork_TestNG.Facebook_singinTest" time="86.743" errors="0" timestamp="2022-12-29T21:32:54 EST" skipped="0">
  <testcase classname="FaceBookWork_TestNG.Facebook_singinTest" name="facebook_signuptest" time="32.644"/>
  <system-out/>
  <testcase classname="FaceBookWork_TestNG.Facebook_singinTest" name="facebook_signuptest" time="13.967"/>
  <system-out/>
  <testcase classname="FaceBookWork_TestNG.Facebook_singinTest" name="facebook_signuptest" time="23.485"/>
  <system-out/>
  <testcase classname="FaceBookWork_TestNG.Facebook_singinTest" name="facebook_signuptest" time="16.647"/>
  <system-out/>
</testsuite> <!-- FaceBookWork_TestNG.Facebook_singinTest -->
